<?xml version="1.0" encoding="UTF-8"?>
<!-- Generated by org.testng.reporters.JUnitReportReporter -->
<testsuite hostname="b0ceb7bf059d58a" failures="0" tests="1" name="com.qa.testscript.TC_FlipKart_001" time="0.157" errors="0" timestamp="2023-06-13T22:19:33 IST" skipped="0">
  <testcase classname="com.qa.testscript.TC_FlipKart_001" name="checkPopUpCloseButton" time="0.157"/>
  <system-out/>
</testsuite> <!-- com.qa.testscript.TC_FlipKart_001 -->
